<?xml version="1.0" encoding="UTF-8"?>
<testng-results ignored="0" total="1" passed="1" failed="0" skipped="0">
  <reporter-output>
  </reporter-output>
  <suite started-at="2024-03-16T12:29:37 IST" name="Default suite" finished-at="2024-03-16T12:29:40 IST" duration-ms="3103">
    <groups>
    </groups>
    <test started-at="2024-03-16T12:29:37 IST" name="Default test" finished-at="2024-03-16T12:29:40 IST" duration-ms="3103">
      <class name="Basic.Contactstest">
        <test-method signature="CreateOrginasationTest()[pri:0, instance:Basic.Contactstest@65f095f8]" started-at="2024-03-16T12:29:37 IST" name="CreateOrginasationTest" finished-at="2024-03-16T12:29:40 IST" duration-ms="3064" status="PASS">
          <reporter-output>
          </reporter-output>
        </test-method> <!-- CreateOrginasationTest -->
      </class> <!-- Basic.Contactstest -->
    </test> <!-- Default test -->
  </suite> <!-- Default suite -->
</testng-results>
